2025-04-08 01:13:19.807589 - Received CBT.V508.FILE072.PDS from FILE072.XMI 
2025-04-08 01:13:19.815895 - Found $$$#DATE.txt (text/plain) in CBT.V508.FILE072.PDS, moved to PDS/$$$#DATE
2025-04-08 01:13:19.817593 - Found @FILE072.txt (text/plain) in CBT.V508.FILE072.PDS, moved to PDS/@FILE072
2025-04-08 01:13:19.819214 - Found ISR@PRIM.txt (text/plain) in CBT.V508.FILE072.PDS, moved to PDS/ISR@PRIM
2025-04-08 01:13:19.820605 - Found PEIRFLDS.txt (text/plain) in CBT.V508.FILE072.PDS, moved to PDS/PEIRFLDS
2025-04-08 01:13:19.821962 - Found PXPBROBF.txt (text/plain) in CBT.V508.FILE072.PDS, moved to PDS/PXPBROBF
2025-04-08 01:13:19.823254 - Found PXPCMDS.bin (application/octet-stream) in CBT.V508.FILE072.PDS, moved to PDS/PXPCMDS
2025-04-08 01:13:19.824637 - Found PXPCMDSX.txt (text/plain) in CBT.V508.FILE072.PDS, moved to PDS/PXPCMDSX
2025-04-08 01:13:19.826157 - Found PXPEDDE.txt (text/plain) in CBT.V508.FILE072.PDS, moved to PDS/PXPEDDE
2025-04-08 01:13:19.827832 - Found PXPIMACB.txt (text/plain) in CBT.V508.FILE072.PDS, moved to PDS/PXPIMACB
2025-04-08 01:13:19.829337 - Found PXPIMACE.txt (text/plain) in CBT.V508.FILE072.PDS, moved to PDS/PXPIMACE
2025-04-08 01:13:19.830808 - Found PXPIRFLD.txt (text/plain) in CBT.V508.FILE072.PDS, moved to PDS/PXPIRFLD
2025-04-08 01:13:19.832407 - Found PXPLOGO.txt (text/plain) in CBT.V508.FILE072.PDS, moved to PDS/PXPLOGO
2025-04-08 01:13:19.833898 - Found PXPVOLD.txt (text/plain) in CBT.V508.FILE072.PDS, moved to PDS/PXPVOLD
2025-04-08 01:13:19.835417 - Found PXPVOLR.txt (text/plain) in CBT.V508.FILE072.PDS, moved to PDS/PXPVOLR
2025-04-08 01:13:19.836796 - Found PXP00.txt (text/plain) in CBT.V508.FILE072.PDS, moved to PDS/PXP00
2025-04-08 01:13:19.838381 - Found PXP000@.txt (text/plain) in CBT.V508.FILE072.PDS, moved to PDS/PXP000@
2025-04-08 01:13:19.839957 - Found PXP000A.txt (text/plain) in CBT.V508.FILE072.PDS, moved to PDS/PXP000A
2025-04-08 01:13:19.841385 - Found PXP000B1.txt (text/plain) in CBT.V508.FILE072.PDS, moved to PDS/PXP000B1
2025-04-08 01:13:19.842718 - Found PXP000B2.txt (text/plain) in CBT.V508.FILE072.PDS, moved to PDS/PXP000B2
2025-04-08 01:13:19.844280 - Found PXP000B3.txt (text/plain) in CBT.V508.FILE072.PDS, moved to PDS/PXP000B3
2025-04-08 01:13:19.845548 - Found PXP000B4.txt (text/plain) in CBT.V508.FILE072.PDS, moved to PDS/PXP000B4
2025-04-08 01:13:19.846896 - Found PXP000B5.txt (text/plain) in CBT.V508.FILE072.PDS, moved to PDS/PXP000B5
2025-04-08 01:13:19.848199 - Found PXP000B6.txt (text/plain) in CBT.V508.FILE072.PDS, moved to PDS/PXP000B6
2025-04-08 01:13:19.849832 - Found PXP000B7.txt (text/plain) in CBT.V508.FILE072.PDS, moved to PDS/PXP000B7
2025-04-08 01:13:19.851440 - Found PXP000B8.txt (text/plain) in CBT.V508.FILE072.PDS, moved to PDS/PXP000B8
2025-04-08 01:13:19.853056 - Found PXP000CA.txt (text/plain) in CBT.V508.FILE072.PDS, moved to PDS/PXP000CA
2025-04-08 01:13:19.854356 - Found PXP000CB.txt (text/plain) in CBT.V508.FILE072.PDS, moved to PDS/PXP000CB
2025-04-08 01:13:19.855772 - Found PXP000CC.txt (text/plain) in CBT.V508.FILE072.PDS, moved to PDS/PXP000CC
2025-04-08 01:13:19.857125 - Found PXP000CD.txt (text/plain) in CBT.V508.FILE072.PDS, moved to PDS/PXP000CD
2025-04-08 01:13:19.858477 - Found PXP000CE.txt (text/plain) in CBT.V508.FILE072.PDS, moved to PDS/PXP000CE
2025-04-08 01:13:19.859816 - Found PXP000CF.txt (text/plain) in CBT.V508.FILE072.PDS, moved to PDS/PXP000CF
2025-04-08 01:13:19.861252 - Found PXP000CG.txt (text/plain) in CBT.V508.FILE072.PDS, moved to PDS/PXP000CG
2025-04-08 01:13:19.862992 - Found PXP000CH.txt (text/plain) in CBT.V508.FILE072.PDS, moved to PDS/PXP000CH
2025-04-08 01:13:19.864447 - Found PXP000CI.txt (text/plain) in CBT.V508.FILE072.PDS, moved to PDS/PXP000CI
2025-04-08 01:13:19.865891 - Found PXP000CJ.txt (text/plain) in CBT.V508.FILE072.PDS, moved to PDS/PXP000CJ
2025-04-08 01:13:19.867509 - Found PXP000CK.txt (text/plain) in CBT.V508.FILE072.PDS, moved to PDS/PXP000CK
2025-04-08 01:13:19.869089 - Found PXP000CL.txt (text/plain) in CBT.V508.FILE072.PDS, moved to PDS/PXP000CL
2025-04-08 01:13:19.870685 - Found PXP000CM.txt (text/plain) in CBT.V508.FILE072.PDS, moved to PDS/PXP000CM
2025-04-08 01:13:19.872227 - Found PXP000C0.txt (text/plain) in CBT.V508.FILE072.PDS, moved to PDS/PXP000C0
2025-04-08 01:13:19.873550 - Found PXP000C1.txt (text/plain) in CBT.V508.FILE072.PDS, moved to PDS/PXP000C1
2025-04-08 01:13:19.874914 - Found PXP000C2.txt (text/plain) in CBT.V508.FILE072.PDS, moved to PDS/PXP000C2
2025-04-08 01:13:19.876274 - Found PXP000C3.txt (text/plain) in CBT.V508.FILE072.PDS, moved to PDS/PXP000C3
2025-04-08 01:13:19.877685 - Found PXP000C4.txt (text/plain) in CBT.V508.FILE072.PDS, moved to PDS/PXP000C4
2025-04-08 01:13:19.879122 - Found PXP000C5.txt (text/plain) in CBT.V508.FILE072.PDS, moved to PDS/PXP000C5
2025-04-08 01:13:19.880648 - Found PXP000C6.txt (text/plain) in CBT.V508.FILE072.PDS, moved to PDS/PXP000C6
2025-04-08 01:13:19.882195 - Found PXP000C7.txt (text/plain) in CBT.V508.FILE072.PDS, moved to PDS/PXP000C7
2025-04-08 01:13:19.883854 - Found PXP000C8.txt (text/plain) in CBT.V508.FILE072.PDS, moved to PDS/PXP000C8
2025-04-08 01:13:19.885345 - Found PXP000C9.txt (text/plain) in CBT.V508.FILE072.PDS, moved to PDS/PXP000C9
2025-04-08 01:13:19.886741 - Found PXP000D.txt (text/plain) in CBT.V508.FILE072.PDS, moved to PDS/PXP000D
2025-04-08 01:13:19.888350 - Found PXP000E.txt (text/plain) in CBT.V508.FILE072.PDS, moved to PDS/PXP000E
2025-04-08 01:13:19.889684 - Found PXP000F.txt (text/plain) in CBT.V508.FILE072.PDS, moved to PDS/PXP000F
2025-04-08 01:13:19.891078 - Found PXP000G1.txt (text/plain) in CBT.V508.FILE072.PDS, moved to PDS/PXP000G1
2025-04-08 01:13:19.892539 - Found PXP000G2.txt (text/plain) in CBT.V508.FILE072.PDS, moved to PDS/PXP000G2
2025-04-08 01:13:19.893855 - Found PXP000G3.txt (text/plain) in CBT.V508.FILE072.PDS, moved to PDS/PXP000G3
2025-04-08 01:13:19.895354 - Found PXP000H.txt (text/plain) in CBT.V508.FILE072.PDS, moved to PDS/PXP000H
2025-04-08 01:13:19.896644 - Found PXP000I.txt (text/plain) in CBT.V508.FILE072.PDS, moved to PDS/PXP000I
2025-04-08 01:13:19.898013 - Found PXP000JA.txt (text/plain) in CBT.V508.FILE072.PDS, moved to PDS/PXP000JA
2025-04-08 01:13:19.899276 - Found PXP000JB.txt (text/plain) in CBT.V508.FILE072.PDS, moved to PDS/PXP000JB
2025-04-08 01:13:19.900743 - Found PXP000JC.txt (text/plain) in CBT.V508.FILE072.PDS, moved to PDS/PXP000JC
2025-04-08 01:13:19.902004 - Found PXP000JD.txt (text/plain) in CBT.V508.FILE072.PDS, moved to PDS/PXP000JD
2025-04-08 01:13:19.903268 - Found PXP000JE.txt (text/plain) in CBT.V508.FILE072.PDS, moved to PDS/PXP000JE
2025-04-08 01:13:19.904714 - Found PXP000JF.txt (text/plain) in CBT.V508.FILE072.PDS, moved to PDS/PXP000JF
2025-04-08 01:13:19.906335 - Found PXP000J1.txt (text/plain) in CBT.V508.FILE072.PDS, moved to PDS/PXP000J1
2025-04-08 01:13:19.907621 - Found PXP000J2.txt (text/plain) in CBT.V508.FILE072.PDS, moved to PDS/PXP000J2
2025-04-08 01:13:19.909200 - Found PXP000J3.txt (text/plain) in CBT.V508.FILE072.PDS, moved to PDS/PXP000J3
2025-04-08 01:13:19.910469 - Found PXP000J4.txt (text/plain) in CBT.V508.FILE072.PDS, moved to PDS/PXP000J4
2025-04-08 01:13:19.911788 - Found PXP000J5.txt (text/plain) in CBT.V508.FILE072.PDS, moved to PDS/PXP000J5
2025-04-08 01:13:19.913351 - Found PXP000J6.txt (text/plain) in CBT.V508.FILE072.PDS, moved to PDS/PXP000J6
2025-04-08 01:13:19.914834 - Found PXP000J7.txt (text/plain) in CBT.V508.FILE072.PDS, moved to PDS/PXP000J7
2025-04-08 01:13:19.916125 - Found PXP000K.txt (text/plain) in CBT.V508.FILE072.PDS, moved to PDS/PXP000K
2025-04-08 01:13:19.917636 - Found PXP000L1.txt (text/plain) in CBT.V508.FILE072.PDS, moved to PDS/PXP000L1
2025-04-08 01:13:19.919013 - Found PXP000L2.txt (text/plain) in CBT.V508.FILE072.PDS, moved to PDS/PXP000L2
2025-04-08 01:13:19.920273 - Found PXP000L3.txt (text/plain) in CBT.V508.FILE072.PDS, moved to PDS/PXP000L3
2025-04-08 01:13:19.921632 - Found PXP000L4.txt (text/plain) in CBT.V508.FILE072.PDS, moved to PDS/PXP000L4
2025-04-08 01:13:19.923009 - Found PXP000M.txt (text/plain) in CBT.V508.FILE072.PDS, moved to PDS/PXP000M
2025-04-08 01:13:19.924313 - Found PXP000N.txt (text/plain) in CBT.V508.FILE072.PDS, moved to PDS/PXP000N
2025-04-08 01:13:19.925707 - Found PXP000O.txt (text/plain) in CBT.V508.FILE072.PDS, moved to PDS/PXP000O
2025-04-08 01:13:19.927064 - Found PXP000P.txt (text/plain) in CBT.V508.FILE072.PDS, moved to PDS/PXP000P
2025-04-08 01:13:19.928370 - Found PXP000Q.txt (text/plain) in CBT.V508.FILE072.PDS, moved to PDS/PXP000Q
2025-04-08 01:13:19.929853 - Found PXP000R.txt (text/plain) in CBT.V508.FILE072.PDS, moved to PDS/PXP000R
2025-04-08 01:13:19.931362 - Found PXP000S.txt (text/plain) in CBT.V508.FILE072.PDS, moved to PDS/PXP000S
2025-04-08 01:13:19.933023 - Found PXP000T1.txt (text/plain) in CBT.V508.FILE072.PDS, moved to PDS/PXP000T1
2025-04-08 01:13:19.934543 - Found PXP000T2.txt (text/plain) in CBT.V508.FILE072.PDS, moved to PDS/PXP000T2
2025-04-08 01:13:19.935887 - Found PXP000U.txt (text/plain) in CBT.V508.FILE072.PDS, moved to PDS/PXP000U
2025-04-08 01:13:19.937356 - Found PXP000V.txt (text/plain) in CBT.V508.FILE072.PDS, moved to PDS/PXP000V
2025-04-08 01:13:19.938676 - Found PXP000W1.txt (text/plain) in CBT.V508.FILE072.PDS, moved to PDS/PXP000W1
2025-04-08 01:13:19.940325 - Found PXP000W2.txt (text/plain) in CBT.V508.FILE072.PDS, moved to PDS/PXP000W2
2025-04-08 01:13:19.941710 - Found PXP000W3.txt (text/plain) in CBT.V508.FILE072.PDS, moved to PDS/PXP000W3
2025-04-08 01:13:19.943088 - Found PXP000X.txt (text/plain) in CBT.V508.FILE072.PDS, moved to PDS/PXP000X
2025-04-08 01:13:19.944808 - Found PXP000Y1.txt (text/plain) in CBT.V508.FILE072.PDS, moved to PDS/PXP000Y1
2025-04-08 01:13:19.946301 - Found PXP000Y2.txt (text/plain) in CBT.V508.FILE072.PDS, moved to PDS/PXP000Y2
2025-04-08 01:13:19.947867 - Found PXP000Y3.txt (text/plain) in CBT.V508.FILE072.PDS, moved to PDS/PXP000Y3
2025-04-08 01:13:19.949361 - Found PXP000Z.txt (text/plain) in CBT.V508.FILE072.PDS, moved to PDS/PXP000Z
2025-04-08 01:13:19.950894 - Found PXP0000.txt (text/plain) in CBT.V508.FILE072.PDS, moved to PDS/PXP0000
2025-04-08 01:13:19.952181 - Found PXP0001.txt (text/plain) in CBT.V508.FILE072.PDS, moved to PDS/PXP0001
2025-04-08 01:13:19.953495 - Found PXP0002.txt (text/plain) in CBT.V508.FILE072.PDS, moved to PDS/PXP0002
2025-04-08 01:13:19.955099 - Found PXP0003.txt (text/plain) in CBT.V508.FILE072.PDS, moved to PDS/PXP0003
2025-04-08 01:13:19.956364 - Found PXP0004.txt (text/plain) in CBT.V508.FILE072.PDS, moved to PDS/PXP0004
2025-04-08 01:13:19.957812 - Found PXP0005.txt (text/plain) in CBT.V508.FILE072.PDS, moved to PDS/PXP0005
2025-04-08 01:13:19.959324 - Found PXP0005S.txt (text/plain) in CBT.V508.FILE072.PDS, moved to PDS/PXP0005S
2025-04-08 01:13:19.960702 - Found PXP0006.txt (text/plain) in CBT.V508.FILE072.PDS, moved to PDS/PXP0006
2025-04-08 01:13:19.961996 - Found PXP0007.txt (text/plain) in CBT.V508.FILE072.PDS, moved to PDS/PXP0007
2025-04-08 01:13:19.963648 - Found PXP0007S.txt (text/plain) in CBT.V508.FILE072.PDS, moved to PDS/PXP0007S
2025-04-08 01:13:19.965098 - Found PXP0008.txt (text/plain) in CBT.V508.FILE072.PDS, moved to PDS/PXP0008
2025-04-08 01:13:19.966698 - Found PXP0009.txt (text/plain) in CBT.V508.FILE072.PDS, moved to PDS/PXP0009
2025-04-08 01:13:19.968177 - Found PXP001A1.txt (text/plain) in CBT.V508.FILE072.PDS, moved to PDS/PXP001A1
2025-04-08 01:13:19.969676 - Found PXP001A2.txt (text/plain) in CBT.V508.FILE072.PDS, moved to PDS/PXP001A2
2025-04-08 01:13:19.971176 - Found PXP0010.txt (text/plain) in CBT.V508.FILE072.PDS, moved to PDS/PXP0010
2025-04-08 01:13:19.972467 - Found PXP0010S.txt (text/plain) in CBT.V508.FILE072.PDS, moved to PDS/PXP0010S
2025-04-08 01:13:19.973895 - Found PXP002A.txt (text/plain) in CBT.V508.FILE072.PDS, moved to PDS/PXP002A
2025-04-08 01:13:19.975459 - Found PXP01.txt (text/plain) in CBT.V508.FILE072.PDS, moved to PDS/PXP01
2025-04-08 01:13:19.976834 - Found PXP0103.txt (text/plain) in CBT.V508.FILE072.PDS, moved to PDS/PXP0103
2025-04-08 01:13:19.978122 - Found PXP02.txt (text/plain) in CBT.V508.FILE072.PDS, moved to PDS/PXP02
2025-04-08 01:13:19.979749 - Found PXP0203.txt (text/plain) in CBT.V508.FILE072.PDS, moved to PDS/PXP0203
2025-04-08 01:13:19.981173 - Found PXP03.txt (text/plain) in CBT.V508.FILE072.PDS, moved to PDS/PXP03
2025-04-08 01:13:19.982498 - Found PXP0303.txt (text/plain) in CBT.V508.FILE072.PDS, moved to PDS/PXP0303
2025-04-08 01:13:19.983774 - Found PXP0403.txt (text/plain) in CBT.V508.FILE072.PDS, moved to PDS/PXP0403
2025-04-08 01:13:19.985199 - Found PXP0503.txt (text/plain) in CBT.V508.FILE072.PDS, moved to PDS/PXP0503
